<?xml version="1.0" encoding="utf-8"?><testsuites name="pytest tests"><testsuite name="pytest" errors="0" failures="0" skipped="0" tests="16" time="44.629" timestamp="2026-05-04T17:21:51.492596+00:00" hostname="agent-env-06c5ad22-2a67-4f71-8ec2-c41b08db489a"><testcase classname="backend.tests.test_chameleon_api.TestStats" name="test_stats_shape" time="0.215" /><testcase classname="backend.tests.test_chameleon_api.TestSessions" name="test_sessions_list" time="0.056" /><testcase classname="backend.tests.test_chameleon_api.TestSessions" name="test_session_by_id_ok" time="0.110" /><testcase classname="backend.tests.test_chameleon_api.TestSessions" name="test_session_by_id_404" time="0.057" /><testcase classname="backend.tests.test_chameleon_api.TestEventStreams" name="test_events" time="0.067" /><testcase classname="backend.tests.test_chameleon_api.TestEventStreams" name="test_honeypots" time="0.052" /><testcase classname="backend.tests.test_chameleon_api.TestEventStreams" name="test_mutations" time="0.051" /><testcase classname="backend.tests.test_chameleon_api.TestEventStreams" name="test_honeytokens" time="0.062" /><testcase classname="backend.tests.test_chameleon_api.TestMitre" name="test_mitre_sorted" time="0.061" /><testcase classname="backend.tests.test_chameleon_api.TestPredict" name="test_predict_ok" time="0.126" /><testcase classname="backend.tests.test_chameleon_api.TestPredict" name="test_predict_404" time="0.057" /><testcase classname="backend.tests.test_chameleon_api.TestChat" name="test_chat_and_history" time="11.457" /><testcase classname="backend.tests.test_chameleon_api.TestLure" name="test_lure_generate" time="11.069" /><testcase classname="backend.tests.test_chameleon_api.TestReport" name="test_report_generate" time="19.180" /><testcase classname="backend.tests.test_chameleon_api.TestCTF" name="test_ctf_submit_and_accumulate" time="0.230" /><testcase classname="backend.tests.test_chameleon_api.TestWebSocket" name="test_ws_snapshot_and_stats" time="1.604" /></testsuite></testsuites>